2025-10-31 12:39:24,175 - INFO - ==================================================
2025-10-31 12:39:24,175 - INFO - Step 1: Compute Performance Scores from Predictions
2025-10-31 12:39:24,176 - INFO - ==================================================
2025-10-31 12:39:24,176 - INFO - Input: test_preds/ directory
2025-10-31 12:39:24,176 - INFO - Output: outputs/s1_scores
2025-10-31 12:39:24,180 - INFO - Found 1750 prediction CSV files in test_preds/
2025-10-31 12:39:24,196 - INFO - Computing scores from averaged splits.
2025-10-31 12:39:24,196 - INFO - Models: ['deepcdr', 'deepttc', 'graphdrp', 'hidra', 'lgbm', 'tcnns', 'uno']
2025-10-31 12:39:24,197 - INFO - Sources: ['CCLE', 'CTRPv2', 'GDSCv1', 'GDSCv2', 'gCSI']
2025-10-31 12:39:24,197 - INFO - Targets: ['CCLE', 'CTRPv2', 'GDSCv1', 'GDSCv2', 'gCSI']
2025-10-31 12:42:56,711 - INFO - Runtime: 3.54 minutes
2025-10-31 12:42:56,711 - INFO - Step 1 complete. Scores saved to outputs/s1_scores
2026-01-20 17:20:11,609 - INFO - ==================================================
2026-01-20 17:20:11,609 - INFO - Step 1: Compute Performance Scores from Predictions
2026-01-20 17:20:11,609 - INFO - ==================================================
2026-01-20 17:20:11,609 - INFO - Input: test_preds/ directory
2026-01-20 17:20:11,609 - INFO - Output: outputs/s1_scores
2026-01-20 17:20:11,612 - INFO - Found 1750 prediction CSV files in test_preds/
2026-01-20 17:20:11,625 - INFO - Computing scores from averaged splits.
2026-01-20 17:20:11,625 - INFO - Models: ['deepcdr', 'deepttc', 'graphdrp', 'hidra', 'lgbm', 'tcnns', 'uno']
2026-01-20 17:20:11,625 - INFO - Sources: ['CCLE', 'CTRPv2', 'GDSCv1', 'GDSCv2', 'gCSI']
2026-01-20 17:20:11,625 - INFO - Targets: ['CCLE', 'CTRPv2', 'GDSCv1', 'GDSCv2', 'gCSI']
2026-01-20 17:22:27,597 - INFO - Runtime: 2.27 minutes
2026-01-20 17:22:27,597 - INFO - Step 1 complete. Scores saved to outputs/s1_scores
2026-01-21 09:56:08,310 - INFO - ==================================================
2026-01-21 09:56:08,311 - INFO - Step 1: Compute Performance Scores from Predictions
2026-01-21 09:56:08,311 - INFO - ==================================================
2026-01-21 09:56:08,311 - INFO - Input: test_preds/ directory
2026-01-21 09:56:08,311 - INFO - Output: outputs/s1_scores
2026-01-21 09:56:08,313 - INFO - Found 1750 prediction CSV files in test_preds/
2026-01-21 09:56:08,327 - INFO - Computing scores from averaged splits.
2026-01-21 09:56:08,327 - INFO - Models: ['deepcdr', 'deepttc', 'graphdrp', 'hidra', 'lgbm', 'tcnns', 'uno']
2026-01-21 09:56:08,327 - INFO - Sources: ['CCLE', 'CTRPv2', 'GDSCv1', 'GDSCv2', 'gCSI']
2026-01-21 09:56:08,327 - INFO - Targets: ['CCLE', 'CTRPv2', 'GDSCv1', 'GDSCv2', 'gCSI']
2026-01-21 09:58:18,797 - INFO - Runtime: 2.17 minutes
2026-01-21 09:58:18,797 - INFO - Step 1 complete. Scores saved to outputs/s1_scores
